<?xml version="1.0" encoding="UTF-8"?>
<!-- Generated by org.testng.reporters.JUnitXMLReporter -->
<testsuite hostname="LAPTOP-BSP35CV4" ignored="0" name="Default test" tests="3" failures="0" timestamp="2021-09-26T15:13:46 IST" time="20.748" errors="0">
  <testcase name="login" time="4.384" classname="Vishnu.FirstProject.Testcaseone"/>
  <testcase name="loginedge" time="7.992" classname="Vishnu.FirstProject.Testcaseone"/>
  <testcase name="loginfirefox" time="8.316" classname="Vishnu.FirstProject.Testcaseone"/>
</testsuite> <!-- Default test -->
