<?xml version="1.0" encoding="UTF-8"?>
<!-- Generated by org.testng.reporters.JUnitXMLReporter -->
<testsuite hostname="LAPTOP-BSP35CV4" ignored="0" name="Command line test" tests="3" failures="0" timestamp="2021-09-26T15:12:37 IST" time="31.572" errors="0">
  <testcase name="login" time="6.172" classname="Vishnu.FirstProject.Testcaseone"/>
  <testcase name="loginedge" time="11.178" classname="Vishnu.FirstProject.Testcaseone"/>
  <testcase name="loginfirefox" time="14.189" classname="Vishnu.FirstProject.Testcaseone"/>
</testsuite> <!-- Command line test -->
