<?xml version="1.0" encoding="UTF-8"?>
<testng-results skipped="0" failed="0" ignored="0" total="3" passed="3">
  <reporter-output>
  </reporter-output>
  <suite name="Vishnu.FirstProject.Testcaseone" duration-ms="31572" started-at="2021-09-26T15:12:05 IST" finished-at="2021-09-26T15:12:37 IST">
    <groups>
    </groups>
    <test name="Command line test" duration-ms="31572" started-at="2021-09-26T15:12:05 IST" finished-at="2021-09-26T15:12:37 IST">
      <class name="Vishnu.FirstProject.Testcaseone">
        <test-method status="PASS" signature="login()[pri:0, instance:Vishnu.FirstProject.Testcaseone@6e1ec318]" name="login" duration-ms="6172" started-at="2021-09-26T15:12:05 IST" finished-at="2021-09-26T15:12:11 IST">
          <reporter-output>
          </reporter-output>
        </test-method> <!-- login -->
        <test-method status="PASS" signature="loginedge()[pri:0, instance:Vishnu.FirstProject.Testcaseone@6e1ec318]" name="loginedge" duration-ms="11178" started-at="2021-09-26T15:12:11 IST" finished-at="2021-09-26T15:12:22 IST">
          <reporter-output>
          </reporter-output>
        </test-method> <!-- loginedge -->
        <test-method status="PASS" signature="loginfirefox()[pri:0, instance:Vishnu.FirstProject.Testcaseone@6e1ec318]" name="loginfirefox" duration-ms="14189" started-at="2021-09-26T15:12:23 IST" finished-at="2021-09-26T15:12:37 IST">
          <reporter-output>
          </reporter-output>
        </test-method> <!-- loginfirefox -->
      </class> <!-- Vishnu.FirstProject.Testcaseone -->
    </test> <!-- Command line test -->
  </suite> <!-- Vishnu.FirstProject.Testcaseone -->
</testng-results>
