<?xml version="1.0" encoding="UTF-8"?>
<testng-results skipped="0" failed="0" ignored="0" total="3" passed="3">
  <reporter-output>
  </reporter-output>
  <suite name="Default suite" duration-ms="20748" started-at="2021-09-26T15:13:26 IST" finished-at="2021-09-26T15:13:46 IST">
    <groups>
    </groups>
    <test name="Default test" duration-ms="20748" started-at="2021-09-26T15:13:26 IST" finished-at="2021-09-26T15:13:46 IST">
      <class name="Vishnu.FirstProject.Testcaseone">
        <test-method status="PASS" signature="login()[pri:0, instance:Vishnu.FirstProject.Testcaseone@52feb982]" name="login" duration-ms="4384" started-at="2021-09-26T15:13:26 IST" finished-at="2021-09-26T15:13:30 IST">
          <reporter-output>
          </reporter-output>
        </test-method> <!-- login -->
        <test-method status="PASS" signature="loginedge()[pri:0, instance:Vishnu.FirstProject.Testcaseone@52feb982]" name="loginedge" duration-ms="7992" started-at="2021-09-26T15:13:30 IST" finished-at="2021-09-26T15:13:38 IST">
          <reporter-output>
          </reporter-output>
        </test-method> <!-- loginedge -->
        <test-method status="PASS" signature="loginfirefox()[pri:0, instance:Vishnu.FirstProject.Testcaseone@52feb982]" name="loginfirefox" duration-ms="8316" started-at="2021-09-26T15:13:38 IST" finished-at="2021-09-26T15:13:46 IST">
          <reporter-output>
          </reporter-output>
        </test-method> <!-- loginfirefox -->
      </class> <!-- Vishnu.FirstProject.Testcaseone -->
    </test> <!-- Default test -->
  </suite> <!-- Default suite -->
</testng-results>
